{
  "stats": {
    "suites": 1,
    "tests": 6,
    "passes": 6,
    "pending": 0,
    "failures": 0,
    "start": "2021-10-28T21:25:58.747Z",
    "end": "2021-10-28T21:27:03.840Z",
    "duration": 65093,
    "testsRegistered": 6,
    "passPercent": 100,
    "pendingPercent": 0,
    "other": 0,
    "hasOther": false,
    "skipped": 0,
    "hasSkipped": false
  },
  "results": [
    {
      "uuid": "e4374d95-332c-4112-9d57-46276548b9af",
      "title": "",
      "fullFile": "cypress/integration/testesUI/futbin.spec.js",
      "file": "cypress/integration/testesUI/futbin.spec.js",
      "beforeHooks": [],
      "afterHooks": [],
      "tests": [],
      "suites": [
        {
          "uuid": "0ce96258-ce56-4bb9-9813-6d16b122f108",
          "title": "Cenário de teste: Testar os filtros de busca dos jogadores do site Futbin",
          "fullFile": "",
          "file": "",
          "beforeHooks": [],
          "afterHooks": [],
          "tests": [
            {
              "title": "Caso de teste: Buscar por um jogador de nome inexistente no site",
              "fullTitle": "Cenário de teste: Testar os filtros de busca dos jogadores do site Futbin Caso de teste: Buscar por um jogador de nome inexistente no site",
              "timedOut": null,
              "duration": 10037,
              "state": "passed",
              "speed": "slow",
              "pass": true,
              "fail": false,
              "pending": false,
              "context": null,
              "code": "cy.visit('https://www.futbin.com/22/players?page=1');\ncy.get('#players_search').type('gdsfgdsf').type('{enter}');\ncy.get('[data-url=\"/22/player/62/pele\"] > .table-row-text > .pt-2 > :nth-child(1) > .player_name_players_table').should('not.contain.text', 'gdsfgdsf');",
              "err": {},
              "uuid": "2ddcb807-4335-4b9a-8a89-2899013fe508",
              "parentUUID": "0ce96258-ce56-4bb9-9813-6d16b122f108",
              "isHook": false,
              "skipped": false
            },
            {
              "title": "Caso de teste: Buscar por um jogador de nome existente no site (Neymar)",
              "fullTitle": "Cenário de teste: Testar os filtros de busca dos jogadores do site Futbin Caso de teste: Buscar por um jogador de nome existente no site (Neymar)",
              "timedOut": null,
              "duration": 6054,
              "state": "passed",
              "speed": "medium",
              "pass": true,
              "fail": false,
              "pending": false,
              "context": null,
              "code": "cy.visit('https://www.futbin.com/22/players?page=1');\ncy.get('#players_search').type('Neymar').type('{enter}');\ncy.get('.player_name_players_table').should('contain.text', 'Neymar');",
              "err": {},
              "uuid": "40622ebb-3bf1-494e-a0f5-07eb6453c2b0",
              "parentUUID": "0ce96258-ce56-4bb9-9813-6d16b122f108",
              "isHook": false,
              "skipped": false
            },
            {
              "title": "Caso de teste: Buscar por um goleiro com 3 estrelas de skills",
              "fullTitle": "Cenário de teste: Testar os filtros de busca dos jogadores do site Futbin Caso de teste: Buscar por um goleiro com 3 estrelas de skills",
              "timedOut": null,
              "duration": 9233,
              "state": "passed",
              "speed": "medium",
              "pass": true,
              "fail": false,
              "pending": false,
              "context": null,
              "code": "cy.visit('https://www.futbin.com/22/players?page=1');\ncy.get(':nth-child(4) > [data-toggle=\"dropdown\"]').click();\ncy.get('.dropdown.show > .dropdown-menu2 > :nth-child(1) > .dropdown-item').click();\ncy.get('.list-inline > :nth-child(8) > .dropdown-toggle').click();\ncy.get(':nth-child(1) > .btn-group-vertical > [data-value=\"3\"]').click();\ncy.get('.player_tr_1 > :nth-child(3)').should('have.text', 'GK');\ncy.get('.player_tr_1 > :nth-child(6)').should('contain.text', '3');",
              "err": {},
              "uuid": "25a315e7-4461-4a1a-8e4a-7eb54aef0227",
              "parentUUID": "0ce96258-ce56-4bb9-9813-6d16b122f108",
              "isHook": false,
              "skipped": false
            },
            {
              "title": "Caso de teste: Buscar por um goleiro com 5 estrelas de skills (Não existe) ",
              "fullTitle": "Cenário de teste: Testar os filtros de busca dos jogadores do site Futbin Caso de teste: Buscar por um goleiro com 5 estrelas de skills (Não existe) ",
              "timedOut": null,
              "duration": 8605,
              "state": "passed",
              "speed": "medium",
              "pass": true,
              "fail": false,
              "pending": false,
              "context": null,
              "code": "cy.visit('https://www.futbin.com/22/players?page=1');\ncy.get(':nth-child(4) > [data-toggle=\"dropdown\"]').click();\ncy.get('.dropdown.show > .dropdown-menu2 > :nth-child(1) > .dropdown-item').click();\ncy.get('.list-inline > :nth-child(8) > .dropdown-toggle').click();\ncy.get(':nth-child(1) > .btn-group-vertical > [data-value=\"5\"]').click();\ncy.get('.no_results').should('contain.text', 'No Results');",
              "err": {},
              "uuid": "8a033add-4e64-4f79-ada3-c224321658ea",
              "parentUUID": "0ce96258-ce56-4bb9-9813-6d16b122f108",
              "isHook": false,
              "skipped": false
            },
            {
              "title": "Caso de teste: Buscar por um jogador chamado Bruno natural de Angola (Existe apenas um jogador com essas características: Bruno Ecuélé Manga)",
              "fullTitle": "Cenário de teste: Testar os filtros de busca dos jogadores do site Futbin Caso de teste: Buscar por um jogador chamado Bruno natural de Angola (Existe apenas um jogador com essas características: Bruno Ecuélé Manga)",
              "timedOut": null,
              "duration": 10955,
              "state": "passed",
              "speed": "slow",
              "pass": true,
              "fail": false,
              "pending": false,
              "context": null,
              "code": "cy.visit('https://www.futbin.com/22/players?page=1');\ncy.get('#players_search').type('Bruno').type('{enter}');\ncy.get('.list-inline > :nth-child(5) > .dropdown-toggle').click();\ncy.get('#Nation').type('Ga');\ncy.get('#resultNation > :nth-child(4) > a').click();\ncy.get('.player_name_players_table').should('contain.text', 'Ecuélé Manga');",
              "err": {},
              "uuid": "e4df0f89-2fcf-4e31-b677-d70ad14e1b87",
              "parentUUID": "0ce96258-ce56-4bb9-9813-6d16b122f108",
              "isHook": false,
              "skipped": false
            },
            {
              "title": "Caso de teste: Buscar por um zagueiro de natural de Togo que jogue na La Liga (Liga espanhola) (Existe apenas um jogador com essas características: Djené) ",
              "fullTitle": "Cenário de teste: Testar os filtros de busca dos jogadores do site Futbin Caso de teste: Buscar por um zagueiro de natural de Togo que jogue na La Liga (Liga espanhola) (Existe apenas um jogador com essas características: Djené) ",
              "timedOut": null,
              "duration": 16103,
              "state": "passed",
              "speed": "slow",
              "pass": true,
              "fail": false,
              "pending": false,
              "context": null,
              "code": "cy.visit('https://www.futbin.com/22/players?page=1');\ncy.get(':nth-child(4) > [data-toggle=\"dropdown\"]').click();\ncy.get('.dropdown.show > .dropdown-menu2 > :nth-child(4) > .dropdown-item').click();\ncy.get('.list-inline > :nth-child(6) > .dropdown-toggle').click();\ncy.get('#League').type('La');\ncy.get('#resultLeague > :nth-child(1) > a').click();\ncy.get('.list-inline > :nth-child(5) > .dropdown-toggle').click();\ncy.get('#Nation').type('To');\ncy.get('#resultNation > :nth-child(5) > a').click();\ncy.get('.player_name_players_table').should('contain.text', 'Djené');",
              "err": {},
              "uuid": "dbd3dba7-62e3-415d-9dcb-e2ed93c1a72e",
              "parentUUID": "0ce96258-ce56-4bb9-9813-6d16b122f108",
              "isHook": false,
              "skipped": false
            }
          ],
          "suites": [],
          "passes": [
            "2ddcb807-4335-4b9a-8a89-2899013fe508",
            "40622ebb-3bf1-494e-a0f5-07eb6453c2b0",
            "25a315e7-4461-4a1a-8e4a-7eb54aef0227",
            "8a033add-4e64-4f79-ada3-c224321658ea",
            "e4df0f89-2fcf-4e31-b677-d70ad14e1b87",
            "dbd3dba7-62e3-415d-9dcb-e2ed93c1a72e"
          ],
          "failures": [],
          "pending": [],
          "skipped": [],
          "duration": 60987,
          "root": false,
          "rootEmpty": false,
          "_timeout": 2000
        }
      ],
      "passes": [],
      "failures": [],
      "pending": [],
      "skipped": [],
      "duration": 0,
      "root": true,
      "rootEmpty": true,
      "_timeout": 2000
    }
  ],
  "meta": {
    "mocha": {
      "version": "7.0.1"
    },
    "mochawesome": {
      "options": {
        "quiet": false,
        "reportFilename": "mochawesome",
        "saveHtml": false,
        "saveJson": true,
        "consoleReporter": "spec",
        "useInlineDiffs": false,
        "code": true
      },
      "version": "6.3.1"
    },
    "marge": {
      "options": {
        "reportDir": "cypress/reports",
        "overwrite": false,
        "html": false,
        "json": true
      },
      "version": "5.2.0"
    }
  }
}